<?xml version="1.0" encoding="UTF-8"?>
<!-- Generated by org.testng.reporters.JUnitXMLReporter -->
<testsuite ignored="3" hostname="SHEFEENA" failures="0" tests="1" name="chrometest" time="5.159" errors="0" timestamp="2024-12-12T11:12:35 IST">
  <testcase classname="testScript.Login_Pagetest" name="verifyTheuserisAbleToLoginWithInvalidUsernameAndValidPassword" time="1.459"/>
  <testcase classname="testScript.Login_Pagetest" name="verifytheUserIsAbleToLoginWithValidCredentials" time="0.0">
    <ignored/>
  </testcase> <!-- verifytheUserIsAbleToLoginWithValidCredentials -->
  <testcase classname="testScript.Login_Pagetest" name="verifyTheUserIsAbleToLoginWithValidUsernameAndInvalidPassword" time="0.0">
    <ignored/>
  </testcase> <!-- verifyTheUserIsAbleToLoginWithValidUsernameAndInvalidPassword -->
  <testcase classname="testScript.Login_Pagetest" name="verifytheUserisAbleToLoginWithInvalidCredentials" time="0.0">
    <ignored/>
  </testcase> <!-- verifytheUserisAbleToLoginWithInvalidCredentials -->
</testsuite> <!-- chrometest -->
