<?xml version="1.0" encoding="UTF-8"?>
<!-- Generated by org.testng.reporters.JUnitXMLReporter -->
<testsuite ignored="3" hostname="SHEFEENA" failures="0" tests="1" name="edgetest" time="2.189" errors="0" timestamp="2024-12-11T12:16:19 IST">
  <testcase classname="testScript.Login_Pagetest" name="verifyTheuserisAbleToLoginWithInvalidUsernameAndValidPassword" time="0.64"/>
  <testcase classname="testScript.Login_Pagetest" name="verifytheUserIsAbleToLoginWithValidCredentials" time="0.0">
    <ignored/>
  </testcase> <!-- verifytheUserIsAbleToLoginWithValidCredentials -->
  <testcase classname="testScript.Login_Pagetest" name="verifyTheUserIsAbleToLoginWithValidUsernameAndInvalidPassword" time="0.0">
    <ignored/>
  </testcase> <!-- verifyTheUserIsAbleToLoginWithValidUsernameAndInvalidPassword -->
  <testcase classname="testScript.Login_Pagetest" name="verifytheUserisAbleToLoginWithInvalidCredentials" time="0.0">
    <ignored/>
  </testcase> <!-- verifytheUserisAbleToLoginWithInvalidCredentials -->
</testsuite> <!-- edgetest -->
