<?xml version="1.0" encoding="UTF-8"?>
<!-- Generated by org.testng.reporters.JUnitXMLReporter -->
<testsuite ignored="3" hostname="SHEFEENA" failures="1" tests="1" name="supermarkt" time="4.042" errors="0" timestamp="2024-12-02T15:21:31 IST">
  <testcase classname="testScript.Login_Pagetest" name="verifyTheuserisAbleToLoginWithInvalidUsernameAndValidPassword" time="0.751">
    <failure type="java.lang.IllegalStateException" message="Cannot get a STRING value from a NUMERIC cell">
      <![CDATA[java.lang.IllegalStateException: Cannot get a STRING value from a NUMERIC cell
at org.apache.poi.xssf.usermodel.XSSFCell.typeMismatch(XSSFCell.java:987)
at org.apache.poi.xssf.usermodel.XSSFCell.getRichStringCellValue(XSSFCell.java:336)
at org.apache.poi.xssf.usermodel.XSSFCell.getStringCellValue(XSSFCell.java:280)
at utilities.ExcelUtility.readStringData(ExcelUtility.java:29)
at testScript.Login_Pagetest.verifyTheuserisAbleToLoginWithInvalidUsernameAndValidPassword(Login_Pagetest.java:53)
at java.base/java.util.ArrayList.forEach(ArrayList.java:1597)
... Removed 25 stack frames]]>
    </failure>
  </testcase> <!-- verifyTheuserisAbleToLoginWithInvalidUsernameAndValidPassword -->
  <testcase classname="testScript.Login_Pagetest" name="verifytheUserIsAbleToLoginWithValidCredentials" time="0.0">
    <ignored/>
  </testcase> <!-- verifytheUserIsAbleToLoginWithValidCredentials -->
  <testcase classname="testScript.Login_Pagetest" name="verifyTheUserIsAbleToLoginWithValidUsernameAndInvalidPassword" time="0.0">
    <ignored/>
  </testcase> <!-- verifyTheUserIsAbleToLoginWithValidUsernameAndInvalidPassword -->
  <testcase classname="testScript.Login_Pagetest" name="verifytheUserisAbleToLoginWithInvalidCredentials" time="0.0">
    <ignored/>
  </testcase> <!-- verifytheUserisAbleToLoginWithInvalidCredentials -->
</testsuite> <!-- supermarkt -->
