<?xml version="1.0" encoding="UTF-8"?>
<!-- Generated by org.testng.reporters.JUnitXMLReporter -->
<testsuite ignored="0" hostname="SHEFEENA" failures="1" tests="1" name="Test" time="5.759" errors="0" timestamp="2024-11-28T14:47:36 IST">
  <testcase classname="testScript.Login_Pagetest" name="verifytheUserIsAbleToLoginWithValidCredentials" time="0.032">
    <failure type="java.lang.NullPointerException" message="Cannot invoke &amp;quot;org.openqa.selenium.SearchContext.findElement(org.openqa.selenium.By)&amp;quot; because &amp;quot;this.searchContext&amp;quot; is null">
      <![CDATA[java.lang.NullPointerException: Cannot invoke "org.openqa.selenium.SearchContext.findElement(org.openqa.selenium.By)" because "this.searchContext" is null
at org.openqa.selenium.support.pagefactory.DefaultElementLocator.findElement(DefaultElementLocator.java:68)
at org.openqa.selenium.support.pagefactory.internal.LocatingElementHandler.invoke(LocatingElementHandler.java:38)
at jdk.proxy2/jdk.proxy2.$Proxy13.sendKeys(Unknown Source)
at pages.Login_Page.enter_username(Login_Page.java:23)
at testScript.Login_Pagetest.verifytheUserIsAbleToLoginWithValidCredentials(Login_Pagetest.java:14)
at java.base/java.util.ArrayList.forEach(ArrayList.java:1597)
... Removed 25 stack frames]]>
    </failure>
  </testcase> <!-- verifytheUserIsAbleToLoginWithValidCredentials -->
</testsuite> <!-- Test -->
