<?xml version="1.0" encoding="UTF-8"?>
<!-- Generated by org.testng.reporters.JUnitXMLReporter -->
<testsuite ignored="1" hostname="SHEFEENA" failures="0" tests="1" name="Default test" time="19.112" errors="0" timestamp="2024-12-03T17:38:46 IST">
  <testcase classname="testScript.AdminUserSearch_Test" name="searchItemNotFound" time="3.173"/>
  <testcase classname="testScript.AdminUserSearch_Test" name="searchForParticularUserNameAndPassword" time="0.0">
    <ignored/>
  </testcase> <!-- searchForParticularUserNameAndPassword -->
</testsuite> <!-- Default test -->
