<?xml version="1.0" encoding="UTF-8"?>
<!-- Generated by org.testng.reporters.JUnitXMLReporter -->
<testsuite ignored="3" hostname="SHEFEENA" failures="0" tests="2" name="chrometest" time="6.779" errors="0" timestamp="2024-12-12T12:08:03 IST">
  <testcase classname="testScript.Login_Pagetest" name="verifyTheuserisAbleToLoginWithInvalidUsernameAndValidPassword" time="1.687"/>
  <testcase classname="testScript.Add_SubCategoryTest" name="toAddSubCategory" time="3.73"/>
  <testcase classname="testScript.Login_Pagetest" name="verifytheUserIsAbleToLoginWithValidCredentials" time="0.0">
    <ignored/>
  </testcase> <!-- verifytheUserIsAbleToLoginWithValidCredentials -->
  <testcase classname="testScript.Login_Pagetest" name="verifyTheUserIsAbleToLoginWithValidUsernameAndInvalidPassword" time="0.0">
    <ignored/>
  </testcase> <!-- verifyTheUserIsAbleToLoginWithValidUsernameAndInvalidPassword -->
  <testcase classname="testScript.Login_Pagetest" name="verifytheUserisAbleToLoginWithInvalidCredentials" time="0.0">
    <ignored/>
  </testcase> <!-- verifytheUserisAbleToLoginWithInvalidCredentials -->
</testsuite> <!-- chrometest -->
